<!DOCTYPE html PUBLIC "-//W3C//DTD XHTML 1.1//EN" "http://www.w3.org/TR/xhtml11/DTD/xhtml11.dtd">
<html xmlns="http://www.w3.org/1999/xhtml">
<head>
<meta http-equiv="content-type" content="text/html; charset=UTF-8"/>
<title>TestNG Report</title>
<style type="text/css">table {margin-bottom:10px;border-collapse:collapse;empty-cells:show}th,td {border:1px solid #009;padding:.25em .5em}th {vertical-align:bottom}td {vertical-align:top}table a {font-weight:bold}.stripe td {background-color: #E6EBF9}.num {text-align:right}.passedodd td {background-color: #3F3}.passedeven td {background-color: #0A0}.skippedodd td {background-color: #DDD}.skippedeven td {background-color: #CCC}.failedodd td,.attn {background-color: #F33}.failedeven td,.stripe .attn {background-color: #D00}.stacktrace {white-space:pre;font-family:monospace}.totop {font-size:85%;text-align:center;border-bottom:2px solid #000}.invisible {display:none}</style>
</head>
<body>
<table>
<tr><th>Test</th><th># Passed</th><th># Skipped</th><th># Failed</th><th>Time (ms)</th><th>Included Groups</th><th>Excluded Groups</th></tr>
<tr><th colspan="7">Default suite</th></tr>
<tr><td><a href="#t0">Default test</a></td><td class="num">0</td><td class="num">0</td><td class="num attn">1</td><td class="num">130,531</td><td></td><td></td></tr>
</table>
<table id='summary'><thead><tr><th>Class</th><th>Method</th><th>Start</th><th>Time (ms)</th></tr></thead><tbody><tr><th colspan="4">Default suite</th></tr></tbody><tbody id="t0"><tr><th colspan="4">Default test &#8212; failed</th></tr><tr class="failedeven"><td rowspan="1">com.zurmo.runners.CukesRunner</td><td><a href="#m0">runScenario</a></td><td rowspan="1">1523494914287</td><td rowspan="1">130311</td></tr></tbody>
</table>
<h2>Default test</h2><h3 id="m0">com.zurmo.runners.CukesRunner#runScenario</h3><table class="result"><tr class="param"><th>Parameter #1</th><th>Parameter #2</th></tr><tr class="param stripe"><td>&quot;Creating a Matrix Report&quot;</td><td>&quot;Creating Reports using Matrix Report&quot;</td></tr><tr><th colspan="2">Messages</th></tr><tr><td colspan="2"><div class="messages"><div "result">I logged into the Zurmo (PASSED : 10s)</div><br/><div "result">user clicks on repots on the menu bar (PASSED : 20s)</div><br/><div "result">user click on create report button (PASSED : 6s)</div><br/><div "result">following menu options should be visible for Report Wizard (PASSED : 5s)</div><br/><div "result">User chooses &quot;Matrix&quot;and   clicks Create button (PASSED : 8s)</div><br/><div "result">User  should see the following menu options (PASSED : 0s)</div><br/><div "result">User chooses &quot;Meetings&quot; (PASSED : 10s)</div><br/><div "result">User should see the following filters (PASSED : 2s)</div><br/><div "result">user chooses &quot;Name &quot;, &quot;Description&quot; (PASSED : 59s)</div><br/><div "result">User types &quot;Sprint Planning&quot; for description field (PASSED : 0s)</div><br/><div "result">User types &quot;John&quot; for Name field (FAILED : 1s)</div><br/><div "result">User chooses  under Select Groupings section &quot;Owner&quot; as X-Axis and &quot;Start date &quot; as Y-Axis (SKIPPED)</div><br/><div "result">User choses under Select Display Columns &quot;Count&quot; and enter 100 (SKIPPED)</div><br/><div "result">User types &quot;John &quot; for Name (SKIPPED)</div><br/><div "result">Meetings Matrix Report for Jogn should be displayed (SKIPPED)</div></div></td></tr><tr><th colspan="2">Exception</th></tr><tr><td colspan="2"><div class="stacktrace">org.openqa.selenium.WebDriverException: unknown error: Element &lt;a id=&quot;filterBysNextLink&quot; name=&quot;save&quot; class=&quot;attachLoading z-button&quot; onclick=&quot;js:$(this).addClass(&amp;quot;attachLoadingTarget&amp;quot;);jQuery.yii.submitForm(this, &apos;&apos;, {&apos;save&apos;:&apos;save&apos;}); return false;&quot; href=&quot;#&quot;&gt;...&lt;/a&gt; is not clickable at point (865, 773). Other element would receive the click: &lt;div class=&quot;ui-overlay-block&quot; style=&quot;display: block; opacity: 0.5;&quot;&gt;...&lt;/div&gt;
  (Session info: chrome=65.0.3325.181)
  (Driver info: chromedriver=2.37.543654 (a46b62e9900f5ac48951f8ad68d9e03eded4cc8d),platform=Mac OS X 10.11.6 x86_64) (WARNING: The server did not provide any stacktrace information)
Command duration or timeout: 0 milliseconds
Build info: version: &apos;3.11.0&apos;, revision: &apos;e59cfb3&apos;, time: &apos;2018-03-11T20:26:55.152Z&apos;
System info: host: &apos;MacBook-Pro-Irina.local&apos;, ip: &apos;2601:246:4e01:af1d:40c6:32c2:c980:1158&apos;, os.name: &apos;Mac OS X&apos;, os.arch: &apos;x86_64&apos;, os.version: &apos;10.11.6&apos;, java.version: &apos;1.8.0_151&apos;
Driver info: org.openqa.selenium.chrome.ChromeDriver
Capabilities {acceptInsecureCerts: false, acceptSslCerts: false, applicationCacheEnabled: false, browserConnectionEnabled: false, browserName: chrome, chrome: {chromedriverVersion: 2.37.543654 (a46b62e9900f5a..., userDataDir: /var/folders/n5/23l3g_b94f1...}, cssSelectorsEnabled: true, databaseEnabled: false, handlesAlerts: true, hasTouchScreen: false, javascriptEnabled: true, locationContextEnabled: true, mobileEmulationEnabled: false, nativeEvents: true, networkConnectionEnabled: false, pageLoadStrategy: normal, platform: MAC, platformName: MAC, rotatable: false, setWindowRect: true, takesHeapSnapshot: true, takesScreenshot: true, unexpectedAlertBehaviour: , unhandledPromptBehavior: , version: 65.0.3325.181, webStorageEnabled: true}
Session ID: 1bbddfc956164f053c7d7d766189deea
	at sun.reflect.NativeConstructorAccessorImpl.newInstance0(Native Method)
	at sun.reflect.NativeConstructorAccessorImpl.newInstance(NativeConstructorAccessorImpl.java:62)
	at sun.reflect.DelegatingConstructorAccessorImpl.newInstance(DelegatingConstructorAccessorImpl.java:45)
	at java.lang.reflect.Constructor.newInstance(Constructor.java:423)
	at org.openqa.selenium.remote.ErrorHandler.createThrowable(ErrorHandler.java:214)
	at org.openqa.selenium.remote.ErrorHandler.throwIfResponseFailed(ErrorHandler.java:166)
	at org.openqa.selenium.remote.http.JsonHttpResponseCodec.reconstructValue(JsonHttpResponseCodec.java:40)
	at org.openqa.selenium.remote.http.AbstractHttpResponseCodec.decode(AbstractHttpResponseCodec.java:80)
	at org.openqa.selenium.remote.http.AbstractHttpResponseCodec.decode(AbstractHttpResponseCodec.java:44)
	at org.openqa.selenium.remote.HttpCommandExecutor.execute(HttpCommandExecutor.java:158)
	at org.openqa.selenium.remote.service.DriverCommandExecutor.execute(DriverCommandExecutor.java:83)
	at org.openqa.selenium.remote.RemoteWebDriver.execute(RemoteWebDriver.java:545)
	at org.openqa.selenium.remote.RemoteWebElement.execute(RemoteWebElement.java:279)
	at org.openqa.selenium.remote.RemoteWebElement.click(RemoteWebElement.java:83)
	at sun.reflect.NativeMethodAccessorImpl.invoke0(Native Method)
	at sun.reflect.NativeMethodAccessorImpl.invoke(NativeMethodAccessorImpl.java:62)
	at sun.reflect.DelegatingMethodAccessorImpl.invoke(DelegatingMethodAccessorImpl.java:43)
	at java.lang.reflect.Method.invoke(Method.java:498)
	at org.openqa.selenium.support.pagefactory.internal.LocatingElementHandler.invoke(LocatingElementHandler.java:51)
	at com.sun.proxy.$Proxy18.click(Unknown Source)
	at com.zurmo.stepdefs.MatrixReportSetpDefs.user_types_for_Name_field(MatrixReportSetpDefs.java:120)
	at âœ½.User types &quot;John&quot; for Name field(src/test/resources/com/zurmo/features/MatrixReports.feature:53)
</div></td></tr></table><p class="totop"><a href="#summary">back to summary</a></p>
</body>
</html>
