<?xml version="1.0" encoding="UTF-8"?>
<testng-results skipped="0" failed="1" ignored="0" total="1" passed="0">
  <reporter-output>
    <line>
      <![CDATA[<div "result">I logged into the Zurmo (PASSED : 10s)</div>]]>
    </line>
    <line>
      <![CDATA[<div "result">user clicks on repots on the menu bar (PASSED : 20s)</div>]]>
    </line>
    <line>
      <![CDATA[<div "result">user click on create report button (PASSED : 6s)</div>]]>
    </line>
    <line>
      <![CDATA[<div "result">following menu options should be visible for Report Wizard (PASSED : 5s)</div>]]>
    </line>
    <line>
      <![CDATA[<div "result">User chooses &quot;Matrix&quot;and   clicks Create button (PASSED : 8s)</div>]]>
    </line>
    <line>
      <![CDATA[<div "result">User  should see the following menu options (PASSED : 0s)</div>]]>
    </line>
    <line>
      <![CDATA[<div "result">User chooses &quot;Meetings&quot; (PASSED : 10s)</div>]]>
    </line>
    <line>
      <![CDATA[<div "result">User should see the following filters (PASSED : 2s)</div>]]>
    </line>
    <line>
      <![CDATA[<div "result">user chooses &quot;Name &quot;, &quot;Description&quot; (PASSED : 59s)</div>]]>
    </line>
    <line>
      <![CDATA[<div "result">User types &quot;Sprint Planning&quot; for description field (PASSED : 0s)</div>]]>
    </line>
    <line>
      <![CDATA[<div "result">User types &quot;John&quot; for Name field (FAILED : 1s)</div>]]>
    </line>
    <line>
      <![CDATA[<div "result">User chooses  under Select Groupings section &quot;Owner&quot; as X-Axis and &quot;Start date &quot; as Y-Axis (SKIPPED)</div>]]>
    </line>
    <line>
      <![CDATA[<div "result">User choses under Select Display Columns &quot;Count&quot; and enter 100 (SKIPPED)</div>]]>
    </line>
    <line>
      <![CDATA[<div "result">User types &quot;John &quot; for Name (SKIPPED)</div>]]>
    </line>
    <line>
      <![CDATA[<div "result">Meetings Matrix Report for Jogn should be displayed (SKIPPED)</div>]]>
    </line>
  </reporter-output>
  <suite name="Default suite" duration-ms="130531" started-at="2018-04-12T01:01:54Z" finished-at="2018-04-12T01:04:04Z">
    <groups>
      <group name="cucumber">
        <method signature="AbstractTestNGCucumberTests.runScenario(cucumber.api.testng.PickleEventWrapper, cucumber.api.testng.CucumberFeatureWrapper)[pri:0, instance:com.zurmo.runners.CukesRunner@7e0b0338]" name="runScenario" class="cucumber.api.testng.AbstractTestNGCucumberTests"/>
      </group> <!-- cucumber -->
    </groups>
    <test name="Default test" duration-ms="130531" started-at="2018-04-12T01:01:54Z" finished-at="2018-04-12T01:04:04Z">
      <class name="com.zurmo.runners.CukesRunner">
        <test-method status="PASS" signature="setUpClass()[pri:0, instance:com.zurmo.runners.CukesRunner@7e0b0338]" name="setUpClass" is-config="true" duration-ms="150" started-at="2018-04-12T01:01:54Z" finished-at="2018-04-12T01:01:54Z">
          <reporter-output>
          </reporter-output>
        </test-method> <!-- setUpClass -->
        <test-method status="FAIL" signature="runScenario(cucumber.api.testng.PickleEventWrapper, cucumber.api.testng.CucumberFeatureWrapper)[pri:0, instance:com.zurmo.runners.CukesRunner@7e0b0338]" name="runScenario" duration-ms="130311" started-at="2018-04-12T01:01:54Z" description="Runs Cucumber Scenarios" data-provider="scenarios" finished-at="2018-04-12T01:04:04Z">
          <params>
            <param index="0">
              <value>
                <![CDATA["Creating a Matrix Report"]]>
              </value>
            </param>
            <param index="1">
              <value>
                <![CDATA["Creating Reports using Matrix Report"]]>
              </value>
            </param>
          </params>
          <exception class="org.openqa.selenium.WebDriverException">
            <message>
              <![CDATA[unknown error: Element <a id="filterBysNextLink" name="save" class="attachLoading z-button" onclick="js:$(this).addClass(&quot;attachLoadingTarget&quot;);jQuery.yii.submitForm(this, '', {'save':'save'}); return false;" href="#">...</a> is not clickable at point (865, 773). Other element would receive the click: <div class="ui-overlay-block" style="display: block; opacity: 0.5;">...</div>
  (Session info: chrome=65.0.3325.181)
  (Driver info: chromedriver=2.37.543654 (a46b62e9900f5ac48951f8ad68d9e03eded4cc8d),platform=Mac OS X 10.11.6 x86_64) (WARNING: The server did not provide any stacktrace information)
Command duration or timeout: 0 milliseconds
Build info: version: '3.11.0', revision: 'e59cfb3', time: '2018-03-11T20:26:55.152Z'
System info: host: 'MacBook-Pro-Irina.local', ip: '2601:246:4e01:af1d:40c6:32c2:c980:1158', os.name: 'Mac OS X', os.arch: 'x86_64', os.version: '10.11.6', java.version: '1.8.0_151'
Driver info: org.openqa.selenium.chrome.ChromeDriver
Capabilities {acceptInsecureCerts: false, acceptSslCerts: false, applicationCacheEnabled: false, browserConnectionEnabled: false, browserName: chrome, chrome: {chromedriverVersion: 2.37.543654 (a46b62e9900f5a..., userDataDir: /var/folders/n5/23l3g_b94f1...}, cssSelectorsEnabled: true, databaseEnabled: false, handlesAlerts: true, hasTouchScreen: false, javascriptEnabled: true, locationContextEnabled: true, mobileEmulationEnabled: false, nativeEvents: true, networkConnectionEnabled: false, pageLoadStrategy: normal, platform: MAC, platformName: MAC, rotatable: false, setWindowRect: true, takesHeapSnapshot: true, takesScreenshot: true, unexpectedAlertBehaviour: , unhandledPromptBehavior: , version: 65.0.3325.181, webStorageEnabled: true}
Session ID: 1bbddfc956164f053c7d7d766189deea]]>
            </message>
            <full-stacktrace>
              <![CDATA[org.openqa.selenium.WebDriverException: unknown error: Element <a id="filterBysNextLink" name="save" class="attachLoading z-button" onclick="js:$(this).addClass(&quot;attachLoadingTarget&quot;);jQuery.yii.submitForm(this, '', {'save':'save'}); return false;" href="#">...</a> is not clickable at point (865, 773). Other element would receive the click: <div class="ui-overlay-block" style="display: block; opacity: 0.5;">...</div>
  (Session info: chrome=65.0.3325.181)
  (Driver info: chromedriver=2.37.543654 (a46b62e9900f5ac48951f8ad68d9e03eded4cc8d),platform=Mac OS X 10.11.6 x86_64) (WARNING: The server did not provide any stacktrace information)
Command duration or timeout: 0 milliseconds
Build info: version: '3.11.0', revision: 'e59cfb3', time: '2018-03-11T20:26:55.152Z'
System info: host: 'MacBook-Pro-Irina.local', ip: '2601:246:4e01:af1d:40c6:32c2:c980:1158', os.name: 'Mac OS X', os.arch: 'x86_64', os.version: '10.11.6', java.version: '1.8.0_151'
Driver info: org.openqa.selenium.chrome.ChromeDriver
Capabilities {acceptInsecureCerts: false, acceptSslCerts: false, applicationCacheEnabled: false, browserConnectionEnabled: false, browserName: chrome, chrome: {chromedriverVersion: 2.37.543654 (a46b62e9900f5a..., userDataDir: /var/folders/n5/23l3g_b94f1...}, cssSelectorsEnabled: true, databaseEnabled: false, handlesAlerts: true, hasTouchScreen: false, javascriptEnabled: true, locationContextEnabled: true, mobileEmulationEnabled: false, nativeEvents: true, networkConnectionEnabled: false, pageLoadStrategy: normal, platform: MAC, platformName: MAC, rotatable: false, setWindowRect: true, takesHeapSnapshot: true, takesScreenshot: true, unexpectedAlertBehaviour: , unhandledPromptBehavior: , version: 65.0.3325.181, webStorageEnabled: true}
Session ID: 1bbddfc956164f053c7d7d766189deea
at sun.reflect.NativeConstructorAccessorImpl.newInstance0(Native Method)
at sun.reflect.NativeConstructorAccessorImpl.newInstance(NativeConstructorAccessorImpl.java:62)
at sun.reflect.DelegatingConstructorAccessorImpl.newInstance(DelegatingConstructorAccessorImpl.java:45)
at java.lang.reflect.Constructor.newInstance(Constructor.java:423)
at org.openqa.selenium.remote.ErrorHandler.createThrowable(ErrorHandler.java:214)
at org.openqa.selenium.remote.ErrorHandler.throwIfResponseFailed(ErrorHandler.java:166)
at org.openqa.selenium.remote.http.JsonHttpResponseCodec.reconstructValue(JsonHttpResponseCodec.java:40)
at org.openqa.selenium.remote.http.AbstractHttpResponseCodec.decode(AbstractHttpResponseCodec.java:80)
at org.openqa.selenium.remote.http.AbstractHttpResponseCodec.decode(AbstractHttpResponseCodec.java:44)
at org.openqa.selenium.remote.HttpCommandExecutor.execute(HttpCommandExecutor.java:158)
at org.openqa.selenium.remote.service.DriverCommandExecutor.execute(DriverCommandExecutor.java:83)
at org.openqa.selenium.remote.RemoteWebDriver.execute(RemoteWebDriver.java:545)
at org.openqa.selenium.remote.RemoteWebElement.execute(RemoteWebElement.java:279)
at org.openqa.selenium.remote.RemoteWebElement.click(RemoteWebElement.java:83)
at sun.reflect.NativeMethodAccessorImpl.invoke0(Native Method)
at sun.reflect.NativeMethodAccessorImpl.invoke(NativeMethodAccessorImpl.java:62)
at sun.reflect.DelegatingMethodAccessorImpl.invoke(DelegatingMethodAccessorImpl.java:43)
at java.lang.reflect.Method.invoke(Method.java:498)
at org.openqa.selenium.support.pagefactory.internal.LocatingElementHandler.invoke(LocatingElementHandler.java:51)
at com.sun.proxy.$Proxy18.click(Unknown Source)
at com.zurmo.stepdefs.MatrixReportSetpDefs.user_types_for_Name_field(MatrixReportSetpDefs.java:120)
at âœ½.User types "John" for Name field(src/test/resources/com/zurmo/features/MatrixReports.feature:53)
]]>
            </full-stacktrace>
          </exception> <!-- org.openqa.selenium.WebDriverException -->
          <reporter-output>
            <line>
              <![CDATA[<div "result">I logged into the Zurmo (PASSED : 10s)</div>]]>
            </line>
            <line>
              <![CDATA[<div "result">user clicks on repots on the menu bar (PASSED : 20s)</div>]]>
            </line>
            <line>
              <![CDATA[<div "result">user click on create report button (PASSED : 6s)</div>]]>
            </line>
            <line>
              <![CDATA[<div "result">following menu options should be visible for Report Wizard (PASSED : 5s)</div>]]>
            </line>
            <line>
              <![CDATA[<div "result">User chooses &quot;Matrix&quot;and   clicks Create button (PASSED : 8s)</div>]]>
            </line>
            <line>
              <![CDATA[<div "result">User  should see the following menu options (PASSED : 0s)</div>]]>
            </line>
            <line>
              <![CDATA[<div "result">User chooses &quot;Meetings&quot; (PASSED : 10s)</div>]]>
            </line>
            <line>
              <![CDATA[<div "result">User should see the following filters (PASSED : 2s)</div>]]>
            </line>
            <line>
              <![CDATA[<div "result">user chooses &quot;Name &quot;, &quot;Description&quot; (PASSED : 59s)</div>]]>
            </line>
            <line>
              <![CDATA[<div "result">User types &quot;Sprint Planning&quot; for description field (PASSED : 0s)</div>]]>
            </line>
            <line>
              <![CDATA[<div "result">User types &quot;John&quot; for Name field (FAILED : 1s)</div>]]>
            </line>
            <line>
              <![CDATA[<div "result">User chooses  under Select Groupings section &quot;Owner&quot; as X-Axis and &quot;Start date &quot; as Y-Axis (SKIPPED)</div>]]>
            </line>
            <line>
              <![CDATA[<div "result">User choses under Select Display Columns &quot;Count&quot; and enter 100 (SKIPPED)</div>]]>
            </line>
            <line>
              <![CDATA[<div "result">User types &quot;John &quot; for Name (SKIPPED)</div>]]>
            </line>
            <line>
              <![CDATA[<div "result">Meetings Matrix Report for Jogn should be displayed (SKIPPED)</div>]]>
            </line>
          </reporter-output>
        </test-method> <!-- runScenario -->
        <test-method status="PASS" signature="tearDownClass()[pri:0, instance:com.zurmo.runners.CukesRunner@7e0b0338]" name="tearDownClass" is-config="true" duration-ms="5" started-at="2018-04-12T01:04:04Z" finished-at="2018-04-12T01:04:04Z">
          <reporter-output>
          </reporter-output>
        </test-method> <!-- tearDownClass -->
      </class> <!-- com.zurmo.runners.CukesRunner -->
    </test> <!-- Default test -->
  </suite> <!-- Default suite -->
</testng-results>
